<?xml version="1.0" encoding="UTF-8"?>
<!-- Generated by org.testng.reporters.JUnitReportReporter -->
<testsuite hostname="DESKTOP-QUD63Q9" failures="0" tests="1" name="GitHubPractice.PrintingAllRepoFromGitHub" time="11.949" errors="0" timestamp="2023-01-18T17:02:48 IST" skipped="0">
  <testcase classname="GitHubPractice.PrintingAllRepoFromGitHub" name="patchARequest" time="11.949"/>
  <system-out/>
</testsuite> <!-- GitHubPractice.PrintingAllRepoFromGitHub -->
