<?xml version="1.0" encoding="UTF-8"?>
<!-- Generated by org.testng.reporters.JUnitReportReporter -->
<testsuite hostname="DESKTOP-QUD63Q9" failures="0" tests="1" name="crudOperationWithBdd.UpdateProject" time="3.897" errors="0" timestamp="2023-01-09T16:17:44 IST" skipped="0">
  <testcase classname="crudOperationWithBdd.UpdateProject" name="updatingAProject" time="3.897"/>
  <system-out/>
</testsuite> <!-- crudOperationWithBdd.UpdateProject -->
