<?xml version="1.0" encoding="UTF-8"?>
<!-- Generated by org.testng.reporters.JUnitReportReporter -->
<testsuite hostname="DESKTOP-QUD63Q9" failures="0" tests="2" name="DataProvider.DataProviderFromExcel" time="3.808" errors="0" timestamp="2023-01-12T15:01:49 IST" skipped="0">
  <testcase classname="DataProvider.DataProviderFromExcel" name="dataProviderEx" time="0.127"/>
  <system-out/>
  <testcase classname="DataProvider.DataProviderFromExcel" name="dataProviderEx" time="3.681"/>
  <system-out/>
</testsuite> <!-- DataProvider.DataProviderFromExcel -->
