<?xml version="1.0" encoding="UTF-8"?>
<!-- Generated by org.testng.reporters.JUnitReportReporter -->
<testsuite hostname="DESKTOP-QUD63Q9" failures="0" tests="1" name="pogoClassImplementation.PostARequestUsingPogoClass" time="3.932" errors="0" timestamp="2023-01-12T14:24:53 IST" skipped="0">
  <testcase classname="pogoClassImplementation.PostARequestUsingPogoClass" name="postARequestUsingPogoClass" time="3.932"/>
  <system-out/>
</testsuite> <!-- pogoClassImplementation.PostARequestUsingPogoClass -->
