<?xml version="1.0" encoding="UTF-8"?>
<!-- Generated by org.testng.reporters.JUnitReportReporter -->
<testsuite hostname="DESKTOP-QUD63Q9" failures="0" tests="1" name="crudOperationWithBdd.Delete" time="3.203" errors="0" timestamp="2023-01-09T16:23:26 IST" skipped="0">
  <testcase classname="crudOperationWithBdd.Delete" name="deleting" time="3.203"/>
  <system-out/>
</testsuite> <!-- crudOperationWithBdd.Delete -->
