<?xml version="1.0" encoding="UTF-8"?>
<!-- Generated by org.testng.reporters.JUnitReportReporter -->
<testsuite hostname="DESKTOP-QUD63Q9" failures="0" tests="1" name="Authorization.BasicPreEmptiveAuth" time="3.364" errors="0" timestamp="2023-01-11T15:33:02 IST" skipped="0">
  <testcase classname="Authorization.BasicPreEmptiveAuth" name="basicPreEmptiveAuth" time="3.364"/>
  <system-out/>
</testsuite> <!-- Authorization.BasicPreEmptiveAuth -->
