<?xml version="1.0" encoding="UTF-8"?>
<!-- Generated by org.testng.reporters.JUnitReportReporter -->
<testsuite hostname="DESKTOP-QUD63Q9" failures="0" tests="1" name="PersentationLayer.CreateANewProject" time="5.223" errors="0" timestamp="2023-01-13T17:43:21 IST" skipped="0">
  <testcase classname="PersentationLayer.CreateANewProject" name="login" time="5.223"/>
  <system-out/>
</testsuite> <!-- PersentationLayer.CreateANewProject -->
