<?xml version="1.0" encoding="UTF-8"?>
<!-- Generated by org.testng.reporters.JUnitReportReporter -->
<testsuite hostname="DESKTOP-QUD63Q9" failures="0" tests="1" name="DataBaseTesting.DataBaseApiTesting" time="4.234" errors="0" timestamp="2023-01-13T13:22:40 IST" skipped="0">
  <testcase classname="DataBaseTesting.DataBaseApiTesting" name="dataBaseApiTesting" time="4.234"/>
  <system-out/>
</testsuite> <!-- DataBaseTesting.DataBaseApiTesting -->
