<?xml version="1.0" encoding="UTF-8"?>
<!-- Generated by org.testng.reporters.JUnitReportReporter -->
<testsuite hostname="DESKTOP-QUD63Q9" failures="0" tests="1" name="SerializationDeserialization.DeserializationArrayEx" time="0.282" errors="0" timestamp="2023-01-12T17:38:46 IST" skipped="0">
  <testcase classname="SerializationDeserialization.DeserializationArrayEx" name="deserializationEx" time="0.282"/>
  <system-out/>
</testsuite> <!-- SerializationDeserialization.DeserializationArrayEx -->
