<?xml version="1.0" encoding="UTF-8"?>
<!-- Generated by org.testng.reporters.JUnitReportReporter -->
<testsuite hostname="DESKTOP-QUD63Q9" failures="0" tests="1" name="Practice.GetARepoFromGitHub" time="3.394" errors="0" timestamp="2023-01-15T17:15:40 IST" skipped="0">
  <testcase classname="Practice.GetARepoFromGitHub" name="formParameter" time="3.394"/>
  <system-out/>
</testsuite> <!-- Practice.GetARepoFromGitHub -->
