<?xml version="1.0" encoding="UTF-8"?>
<!-- Generated by org.testng.reporters.JUnitReportReporter -->
<testsuite hostname="DESKTOP-QUD63Q9" failures="0" tests="1" name="GenericLib.GenerateRandomNumber" time="0.015" errors="0" timestamp="2023-01-10T15:35:55 IST" skipped="0">
  <testcase classname="GenericLib.GenerateRandomNumber" name="generateRandomNum" time="0.015"/>
  <system-out/>
</testsuite> <!-- GenericLib.GenerateRandomNumber -->
