<?xml version="1.0" encoding="UTF-8"?>
<!-- Generated by org.testng.reporters.JUnitReportReporter -->
<testsuite hostname="DESKTOP-QUD63Q9" failures="0" tests="1" name="SerializationDeserialization.SerializationEx" time="0.255" errors="0" timestamp="2023-01-12T17:37:14 IST" skipped="0">
  <testcase classname="SerializationDeserialization.SerializationEx" name="serializationEx" time="0.255"/>
  <system-out/>
</testsuite> <!-- SerializationDeserialization.SerializationEx -->
