<?xml version="1.0" encoding="UTF-8"?>
<!-- Generated by org.testng.reporters.JUnitReportReporter -->
<testsuite hostname="DESKTOP-QUD63Q9" failures="0" tests="1" name="GitHubPractice.PatchARepo" time="6.117" errors="0" timestamp="2023-01-16T14:52:30 IST" skipped="0">
  <testcase classname="GitHubPractice.PatchARepo" name="patchARepo" time="6.117"/>
  <system-out/>
</testsuite> <!-- GitHubPractice.PatchARepo -->
