<?xml version="1.0" encoding="UTF-8"?>
<!-- Generated by org.testng.reporters.JUnitReportReporter -->
<testsuite hostname="DESKTOP-QUD63Q9" failures="0" tests="1" name="crudOperatuin.DeleteProjects" time="2.408" errors="0" timestamp="2023-01-09T14:59:10 IST" skipped="0">
  <testcase classname="crudOperatuin.DeleteProjects" name="GetAllProjects" time="2.408"/>
  <system-out/>
</testsuite> <!-- crudOperatuin.DeleteProjects -->
