<?xml version="1.0" encoding="UTF-8"?>
<!-- Generated by org.testng.reporters.JUnitReportReporter -->
<testsuite hostname="DESKTOP-QUD63Q9" failures="0" tests="1" name="crudOperatuin.GetProjectFromServer" time="4.009" errors="0" timestamp="2023-01-09T14:48:24 IST" skipped="0">
  <testcase classname="crudOperatuin.GetProjectFromServer" name="GetAllProjects" time="4.009"/>
  <system-out/>
</testsuite> <!-- crudOperatuin.GetProjectFromServer -->
