<?xml version="1.0" encoding="UTF-8"?>
<!-- Generated by org.testng.reporters.JUnitReportReporter -->
<testsuite hostname="DESKTOP-QUD63Q9" failures="0" tests="1" name="SerializationDeserialization.SerializationArray" time="0.244" errors="0" timestamp="2023-01-12T17:38:08 IST" skipped="0">
  <testcase classname="SerializationDeserialization.SerializationArray" name="serializationEx" time="0.244"/>
  <system-out/>
</testsuite> <!-- SerializationDeserialization.SerializationArray -->
