<?xml version="1.0" encoding="UTF-8"?>
<!-- Generated by org.testng.reporters.JUnitReportReporter -->
<testsuite hostname="DESKTOP-QUD63Q9" failures="0" tests="1" name="crudOperationWithBdd.GetAllProjects" time="4.072" errors="0" timestamp="2023-01-13T12:28:21 IST" skipped="0">
  <testcase classname="crudOperationWithBdd.GetAllProjects" name="getAllProjects" time="4.072"/>
  <system-out/>
</testsuite> <!-- crudOperationWithBdd.GetAllProjects -->
