<?xml version="1.0" encoding="UTF-8"?>
<!-- Generated by org.testng.reporters.JUnitReportReporter -->
<testsuite hostname="DESKTOP-QUD63Q9" failures="0" tests="1" name="RequestChaining.RequestChainingEx" time="5.368" errors="0" timestamp="2023-01-12T14:43:27 IST" skipped="0">
  <testcase classname="RequestChaining.RequestChainingEx" name="requestChainingEx" time="5.368"/>
  <system-out/>
</testsuite> <!-- RequestChaining.RequestChainingEx -->
