<?xml version="1.0" encoding="UTF-8"?>
<!-- Generated by org.testng.reporters.JUnitReportReporter -->
<testsuite hostname="DESKTOP-QUD63Q9" failures="0" tests="1" name="DifferentWaysToPostARequest.PostARequestUsingHashMap" time="3.942" errors="0" timestamp="2023-01-10T11:23:16 IST" skipped="0">
  <testcase classname="DifferentWaysToPostARequest.PostARequestUsingHashMap" name="postingRequestUsingHashMap" time="3.942"/>
  <system-out/>
</testsuite> <!-- DifferentWaysToPostARequest.PostARequestUsingHashMap -->
