<?xml version="1.0" encoding="UTF-8"?>
<!-- Generated by org.testng.reporters.JUnitReportReporter -->
<testsuite hostname="DESKTOP-QUD63Q9" failures="0" tests="1" name="Practice" time="1.455" errors="0" timestamp="2023-01-12T14:18:28 IST" skipped="0">
  <testcase classname="Practice" name="ex" time="1.455"/>
  <system-out/>
</testsuite> <!-- Practice -->
