<?xml version="1.0" encoding="UTF-8"?>
<!-- Generated by org.testng.reporters.JUnitReportReporter -->
<testsuite hostname="DESKTOP-QUD63Q9" failures="0" tests="1" name="Practice.FormParameter" time="3.023" errors="0" timestamp="2023-01-15T17:14:24 IST" skipped="0">
  <testcase classname="Practice.FormParameter" name="formParameter" time="3.023"/>
  <system-out/>
</testsuite> <!-- Practice.FormParameter -->
