<?xml version="1.0" encoding="UTF-8"?>
<!-- Generated by org.testng.reporters.JUnitReportReporter -->
<testsuite hostname="DESKTOP-QUD63Q9" failures="0" tests="1" name="Authorization.AuthorizationUsingOuath2" time="6.019" errors="0" timestamp="2023-01-12T11:04:48 IST" skipped="0">
  <testcase classname="Authorization.AuthorizationUsingOuath2" name="authorizationUsingOuath2" time="6.019"/>
  <system-out/>
</testsuite> <!-- Authorization.AuthorizationUsingOuath2 -->
