<?xml version="1.0" encoding="UTF-8"?>
<!-- Generated by org.testng.reporters.JUnitReportReporter -->
<testsuite hostname="DESKTOP-QUD63Q9" failures="0" tests="1" name="crudOperatuin.PostARequest" time="4.050" errors="0" timestamp="2023-01-09T15:04:58 IST" skipped="0">
  <testcase classname="crudOperatuin.PostARequest" name="postingRequest" time="4.050"/>
  <system-out/>
</testsuite> <!-- crudOperatuin.PostARequest -->
