<?xml version="1.0" encoding="UTF-8"?>
<!-- Generated by org.testng.reporters.JUnitReportReporter -->
<testsuite hostname="DESKTOP-QUD63Q9" failures="0" tests="1" name="GitHubPractice.GetAllRepo" time="9.578" errors="0" timestamp="2023-01-18T17:10:18 IST" skipped="0">
  <testcase classname="GitHubPractice.GetAllRepo" name="getAllRepo" time="9.578"/>
  <system-out/>
</testsuite> <!-- GitHubPractice.GetAllRepo -->
