<?xml version="1.0" encoding="UTF-8"?>
<!-- Generated by org.testng.reporters.JUnitReportReporter -->
<testsuite hostname="DESKTOP-QUD63Q9" failures="0" tests="1" name="Authorization.BearerTokenEx" time="6.617" errors="0" timestamp="2023-01-11T15:50:22 IST" skipped="0">
  <testcase classname="Authorization.BearerTokenEx" name="usingBearerToken" time="6.617"/>
  <system-out/>
</testsuite> <!-- Authorization.BearerTokenEx -->
