<?xml version="1.0" encoding="UTF-8"?>
<!-- Generated by org.testng.reporters.JUnitReportReporter -->
<testsuite hostname="DESKTOP-QUD63Q9" failures="0" tests="1" name="ComplexObjectWithSpouse.DeserializationComplexObjectWithSpouse" time="0.561" errors="0" timestamp="2023-01-17T15:52:51 IST" skipped="0">
  <testcase classname="ComplexObjectWithSpouse.DeserializationComplexObjectWithSpouse" name="deserializationComplexObjectWithSpouse" time="0.561"/>
  <system-out/>
</testsuite> <!-- ComplexObjectWithSpouse.DeserializationComplexObjectWithSpouse -->
