<?xml version="1.0" encoding="UTF-8"?>
<!-- Generated by org.testng.reporters.JUnitReportReporter -->
<testsuite hostname="DESKTOP-QUD63Q9" failures="0" tests="1" name="Authorization.UsingBasic" time="3.328" errors="0" timestamp="2023-01-11T15:25:11 IST" skipped="0">
  <testcase classname="Authorization.UsingBasic" name="usingBasic" time="3.328"/>
  <system-out/>
</testsuite> <!-- Authorization.UsingBasic -->
