<?xml version="1.0" encoding="UTF-8"?>
<!-- Generated by org.testng.reporters.JUnitReportReporter -->
<testsuite hostname="DESKTOP-QUD63Q9" failures="0" tests="1" name="ResponseValidation.ValidatingADynamicRespose" time="4.729" errors="0" timestamp="2023-01-10T16:20:10 IST" skipped="0">
  <testcase classname="ResponseValidation.ValidatingADynamicRespose" name="validatingADynamicRespose" time="4.729"/>
  <system-out/>
</testsuite> <!-- ResponseValidation.ValidatingADynamicRespose -->
