<?xml version="1.0" encoding="UTF-8"?>
<!-- Generated by org.testng.reporters.JUnitReportReporter -->
<testsuite hostname="DESKTOP-QUD63Q9" failures="0" tests="1" name="crudOperatuin.Update" time="2.844" errors="0" timestamp="2023-01-09T14:54:26 IST" skipped="0">
  <testcase classname="crudOperatuin.Update" name="updatingProject" time="2.844"/>
  <system-out/>
</testsuite> <!-- crudOperatuin.Update -->
