<?xml version="1.0" encoding="UTF-8"?>
<!-- Generated by org.testng.reporters.JUnitReportReporter -->
<testsuite hostname="DESKTOP-QUD63Q9" failures="0" tests="1" name="GitHubPractice.CreateARepo" time="5.235" errors="0" timestamp="2023-01-16T15:17:05 IST" skipped="0">
  <testcase classname="GitHubPractice.CreateARepo" name="createARepo" time="5.235"/>
  <system-out/>
</testsuite> <!-- GitHubPractice.CreateARepo -->
