<?xml version="1.0" encoding="UTF-8"?>
<!-- Generated by org.testng.reporters.JUnitReportReporter -->
<testsuite hostname="DESKTOP-QUD63Q9" failures="0" tests="1" name="DifferentWaysToPostARequest.PatchARequest" time="4.693" errors="0" timestamp="2023-01-16T15:22:01 IST" skipped="0">
  <testcase classname="DifferentWaysToPostARequest.PatchARequest" name="patchARequest" time="4.693"/>
  <system-out/>
</testsuite> <!-- DifferentWaysToPostARequest.PatchARequest -->
