<?xml version="1.0" encoding="UTF-8"?>
<!-- Generated by org.testng.reporters.JUnitReportReporter -->
<testsuite hostname="DESKTOP-QUD63Q9" failures="0" tests="1" name="Authorization.BasicDigestiveAuth" time="3.339" errors="0" timestamp="2023-01-11T15:36:36 IST" skipped="0">
  <testcase classname="Authorization.BasicDigestiveAuth" name="basicDigestiveAuth" time="3.339"/>
  <system-out/>
</testsuite> <!-- Authorization.BasicDigestiveAuth -->
