<?xml version="1.0" encoding="UTF-8"?>
<!-- Generated by org.testng.reporters.JUnitReportReporter -->
<testsuite hostname="DESKTOP-QUD63Q9" failures="0" tests="1" name="Parameter.PathParameterEx" time="2.401" errors="0" timestamp="2023-01-10T17:27:46 IST" skipped="0">
  <testcase classname="Parameter.PathParameterEx" name="PathParameterEx" time="2.401"/>
  <system-out/>
</testsuite> <!-- Parameter.PathParameterEx -->
