<?xml version="1.0" encoding="UTF-8"?>
<!-- Generated by org.testng.reporters.JUnitReportReporter -->
<testsuite hostname="DESKTOP-QUD63Q9" failures="0" tests="1" name="Parameter.QuerryParameter" time="3.037" errors="0" timestamp="2023-01-10T17:47:21 IST" skipped="0">
  <testcase classname="Parameter.QuerryParameter" name="querryParameter" time="3.037"/>
  <system-out/>
</testsuite> <!-- Parameter.QuerryParameter -->
