<?xml version="1.0" encoding="UTF-8"?>
<!-- Generated by org.testng.reporters.JUnitReportReporter -->
<testsuite hostname="DESKTOP-QUD63Q9" failures="0" tests="1" name="Practice.PracticeEx1" time="0.020" errors="0" timestamp="2023-01-10T14:53:48 IST" skipped="0">
  <testcase classname="Practice.PracticeEx1" name="ex" time="0.020"/>
  <system-out/>
</testsuite> <!-- Practice.PracticeEx1 -->
