<?xml version="1.0" encoding="UTF-8"?>
<!-- Generated by org.testng.reporters.JUnitReportReporter -->
<testsuite hostname="DESKTOP-QUD63Q9" failures="0" tests="3" name="DataProvider.DataProviderEx" time="4.141" errors="0" timestamp="2023-01-12T14:24:21 IST" skipped="0">
  <testcase classname="DataProvider.DataProviderEx" name="dataProviderEx" time="0.134"/>
  <system-out/>
  <testcase classname="DataProvider.DataProviderEx" name="dataProviderEx" time="0.146"/>
  <system-out/>
  <testcase classname="DataProvider.DataProviderEx" name="dataProviderEx" time="3.861"/>
  <system-out/>
</testsuite> <!-- DataProvider.DataProviderEx -->
