<?xml version="1.0" encoding="UTF-8"?>
<!-- Generated by org.testng.reporters.JUnitReportReporter -->
<testsuite hostname="DESKTOP-QUD63Q9" failures="0" tests="1" name="ComplexObjectWithSpouse.ComplexObjectWithSpouse" time="0.325" errors="0" timestamp="2023-01-12T20:25:39 IST" skipped="0">
  <testcase classname="ComplexObjectWithSpouse.ComplexObjectWithSpouse" name="serializationEx" time="0.325"/>
  <system-out/>
</testsuite> <!-- ComplexObjectWithSpouse.ComplexObjectWithSpouse -->
